#
# There is insufficient memory for the Java Runtime Environment to continue.
# Native memory allocation (malloc) failed to allocate 1048576 bytes. Error detail: AllocateHeap
# Possible reasons:
#   The system is out of physical RAM or swap space
#   This process is running with CompressedOops enabled, and the Java Heap may be blocking the growth of the native heap
# Possible solutions:
#   Reduce memory load on the system
#   Increase physical memory or swap space
#   Check if swap backing store is full
#   Decrease Java heap size (-Xmx/-Xms)
#   Decrease number of Java threads
#   Decrease Java thread stack sizes (-Xss)
#   Set larger code cache with -XX:ReservedCodeCacheSize=
#   JVM is running with Unscaled Compressed Oops mode in which the Java heap is
#     placed in the first 4GB address space. The Java Heap base address is the
#     maximum limit for the native heap growth. Please use -XX:HeapBaseMinAddress
#     to set the Java Heap base and to place the Java Heap above 4GB virtual address.
# This output file may be truncated or incomplete.
#
#  Out of Memory Error (allocation.cpp:44), pid=30236, tid=19344
#
# JRE version: OpenJDK Runtime Environment Temurin-21.0.9+10 (21.0.9+10) (build 21.0.9+10-LTS)
# Java VM: OpenJDK 64-Bit Server VM Temurin-21.0.9+10 (21.0.9+10-LTS, mixed mode, sharing, tiered, compressed oops, compressed class ptrs, parallel gc, windows-amd64)
# No core dump will be written. Minidumps are not enabled by default on client versions of Windows
#

---------------  S U M M A R Y ------------

Command Line: --add-modules=ALL-SYSTEM --add-opens=java.base/java.util=ALL-UNNAMED --add-opens=java.base/java.lang=ALL-UNNAMED --add-opens=java.base/sun.nio.fs=ALL-UNNAMED -Declipse.application=org.eclipse.jdt.ls.core.id1 -Dosgi.bundles.defaultStartLevel=4 -Declipse.product=org.eclipse.jdt.ls.core.product -Djava.import.generatesMetadataFilesAtProjectRoot=false -DDetectVMInstallationsJob.disabled=true -Dfile.encoding=utf8 -XX:+UseParallelGC -XX:GCTimeRatio=4 -XX:AdaptiveSizePolicyWeight=90 -Dsun.zip.disableMemoryMapping=true -Xmx2G -Xms100m -Xlog:disable -javaagent:c:\Users\djatc\.vscode\extensions\redhat.java-1.50.0-win32-x64\lombok\lombok-1.18.39-4050.jar -XX:+HeapDumpOnOutOfMemoryError -XX:HeapDumpPath=c:\Users\djatc\AppData\Roaming\Code\User\workspaceStorage\3d8d65204e224f53696e5545b98ec018\redhat.java -Daether.dependencyCollector.impl=bf c:\Users\djatc\.vscode\extensions\redhat.java-1.50.0-win32-x64\server\plugins\org.eclipse.equinox.launcher_1.7.100.v20251111-0406.jar -configuration c:\Users\djatc\AppData\Roaming\Code\User\globalStorage\redhat.java\1.50.0\config_win -data c:\Users\djatc\AppData\Roaming\Code\User\workspaceStorage\3d8d65204e224f53696e5545b98ec018\redhat.java\jdt_ws --pipe=\\.\pipe\lsp-313f7ece8008f03c48e5810be822a427-sock

Host: AMD Ryzen 5 5600H with Radeon Graphics         , 12 cores, 15G,  Windows 11 , 64 bit Build 26100 (10.0.26100.7309)
Time: Sun Jan 11 11:04:49 2026 Paris, Madrid elapsed time: 782509.051894 seconds (9d 1h 21m 49s)

---------------  T H R E A D  ---------------

Current thread (0x0000026e1a00ac60):  JavaThread "Attach Listener" daemon [_thread_in_vm, id=19344, stack(0x000000ce09700000,0x000000ce09800000) (1024K)]

Stack: [0x000000ce09700000,0x000000ce09800000]
Native frames: (J=compiled Java code, j=interpreted, Vv=VM code, C=native code)
V  [jvm.dll+0x6d6e29]
V  [jvm.dll+0x8b4b76]
V  [jvm.dll+0x8b712e]
V  [jvm.dll+0x8b7813]
V  [jvm.dll+0x283d86]
V  [jvm.dll+0xc1277]
V  [jvm.dll+0x6d76d9]
V  [jvm.dll+0x133466]
V  [jvm.dll+0x3f7ea6]
V  [jvm.dll+0x85e9ad]
V  [jvm.dll+0x6d565d]
C  [ucrtbase.dll+0x37b0]
C  [KERNEL32.DLL+0x2e8d7]
C  [ntdll.dll+0x8c53c]


---------------  P R O C E S S  ---------------

Threads class SMR info:
_java_thread_list=0x0000026e1f6ef540, length=39, elements={
0x0000026dbc4c39c0, 0x0000026dd2f6e390, 0x0000026e1a006dc0, 0x0000026e1a009c60,
0x0000026e1a00ac60, 0x0000026e1a00fbd0, 0x0000026e1a0129e0, 0x0000026e1a013940,
0x0000026e1a03a050, 0x0000026e1a21e020, 0x0000026e1a3a1390, 0x0000026e1a7d9df0,
0x0000026e1adc3c20, 0x0000026e1ab68f70, 0x0000026e1b196160, 0x0000026e1b317d70,
0x0000026e1a5ffe80, 0x0000026e1a5fe440, 0x0000026e1a600510, 0x0000026e1a5fead0,
0x0000026e1df72350, 0x0000026e1df70fa0, 0x0000026e1df6f560, 0x0000026e1df71cc0,
0x0000026e1df729e0, 0x0000026e1df6fbf0, 0x0000026e1df73070, 0x0000026e1df73700,
0x0000026e1df70280, 0x0000026e1df70910, 0x0000026e1df73d90, 0x0000026e1df74420,
0x0000026e1df74ab0, 0x0000026e1df71630, 0x0000026e1df75140, 0x0000026e1df764f0,
0x0000026e1c80a330, 0x0000026e1fb1d3c0, 0x0000026e1d5421c0
}

Java Threads: ( => current thread )
  0x0000026dbc4c39c0 JavaThread "main"                              [_thread_blocked, id=34928, stack(0x000000ce09000000,0x000000ce09100000) (1024K)]
  0x0000026dd2f6e390 JavaThread "Reference Handler"          daemon [_thread_blocked, id=18392, stack(0x000000ce09400000,0x000000ce09500000) (1024K)]
  0x0000026e1a006dc0 JavaThread "Finalizer"                  daemon [_thread_blocked, id=28532, stack(0x000000ce09500000,0x000000ce09600000) (1024K)]
  0x0000026e1a009c60 JavaThread "Signal Dispatcher"          daemon [_thread_blocked, id=27760, stack(0x000000ce09600000,0x000000ce09700000) (1024K)]
=>0x0000026e1a00ac60 JavaThread "Attach Listener"            daemon [_thread_in_vm, id=19344, stack(0x000000ce09700000,0x000000ce09800000) (1024K)]
  0x0000026e1a00fbd0 JavaThread "Service Thread"             daemon [_thread_blocked, id=24028, stack(0x000000ce09800000,0x000000ce09900000) (1024K)]
  0x0000026e1a0129e0 JavaThread "Monitor Deflation Thread"   daemon [_thread_blocked, id=12376, stack(0x000000ce09900000,0x000000ce09a00000) (1024K)]
  0x0000026e1a013940 JavaThread "C2 CompilerThread0"         daemon [_thread_blocked, id=28216, stack(0x000000ce09a00000,0x000000ce09b00000) (1024K)]
  0x0000026e1a03a050 JavaThread "C1 CompilerThread0"         daemon [_thread_blocked, id=34220, stack(0x000000ce09b00000,0x000000ce09c00000) (1024K)]
  0x0000026e1a21e020 JavaThread "Common-Cleaner"             daemon [_thread_blocked, id=2404, stack(0x000000ce09c00000,0x000000ce09d00000) (1024K)]
  0x0000026e1a3a1390 JavaThread "Notification Thread"        daemon [_thread_blocked, id=8220, stack(0x000000ce09e00000,0x000000ce09f00000) (1024K)]
  0x0000026e1a7d9df0 JavaThread "Active Thread: Equinox Container: bc6ba36b-d7c3-407a-be39-ad19ac5e2cc0"        [_thread_blocked, id=33968, stack(0x000000ce0a600000,0x000000ce0a700000) (1024K)]
  0x0000026e1adc3c20 JavaThread "Refresh Thread: Equinox Container: bc6ba36b-d7c3-407a-be39-ad19ac5e2cc0" daemon [_thread_blocked, id=32624, stack(0x000000ce09d00000,0x000000ce09e00000) (1024K)]
  0x0000026e1ab68f70 JavaThread "Framework Event Dispatcher: Equinox Container: bc6ba36b-d7c3-407a-be39-ad19ac5e2cc0" daemon [_thread_blocked, id=35228, stack(0x000000ce0a700000,0x000000ce0a800000) (1024K)]
  0x0000026e1b196160 JavaThread "Start Level: Equinox Container: bc6ba36b-d7c3-407a-be39-ad19ac5e2cc0" daemon [_thread_blocked, id=27680, stack(0x000000ce0a800000,0x000000ce0a900000) (1024K)]
  0x0000026e1b317d70 JavaThread "Bundle File Closer"         daemon [_thread_blocked, id=22860, stack(0x000000ce0ac00000,0x000000ce0ad00000) (1024K)]
  0x0000026e1a5ffe80 JavaThread "SCR Component Actor"        daemon [_thread_blocked, id=20248, stack(0x000000ce0a900000,0x000000ce0aa00000) (1024K)]
  0x0000026e1a5fe440 JavaThread "Worker-JM"                         [_thread_blocked, id=28444, stack(0x000000ce0ae00000,0x000000ce0af00000) (1024K)]
  0x0000026e1a600510 JavaThread "JNA Cleaner"                daemon [_thread_blocked, id=21792, stack(0x000000ce0af00000,0x000000ce0b000000) (1024K)]
  0x0000026e1a5fead0 JavaThread "Java indexing"              daemon [_thread_blocked, id=11816, stack(0x000000ce0b400000,0x000000ce0b500000) (1024K)]
  0x0000026e1df72350 JavaThread "Thread-1"                   daemon [_thread_in_native, id=8728, stack(0x000000ce0b900000,0x000000ce0ba00000) (1024K)]
  0x0000026e1df70fa0 JavaThread "Thread-2"                   daemon [_thread_in_native, id=11748, stack(0x000000ce0ba00000,0x000000ce0bb00000) (1024K)]
  0x0000026e1df6f560 JavaThread "Thread-3"                   daemon [_thread_in_native, id=9060, stack(0x000000ce0bb00000,0x000000ce0bc00000) (1024K)]
  0x0000026e1df71cc0 JavaThread "Thread-4"                   daemon [_thread_in_native, id=30572, stack(0x000000ce0bc00000,0x000000ce0bd00000) (1024K)]
  0x0000026e1df729e0 JavaThread "Thread-5"                   daemon [_thread_in_native, id=30948, stack(0x000000ce0bd00000,0x000000ce0be00000) (1024K)]
  0x0000026e1df6fbf0 JavaThread "Thread-6"                   daemon [_thread_in_native, id=28744, stack(0x000000ce0be00000,0x000000ce0bf00000) (1024K)]
  0x0000026e1df73070 JavaThread "Thread-7"                   daemon [_thread_in_native, id=25132, stack(0x000000ce0bf00000,0x000000ce0c000000) (1024K)]
  0x0000026e1df73700 JavaThread "Thread-8"                   daemon [_thread_in_native, id=30864, stack(0x000000ce0c000000,0x000000ce0c100000) (1024K)]
  0x0000026e1df70280 JavaThread "Thread-9"                   daemon [_thread_in_native, id=10256, stack(0x000000ce0c100000,0x000000ce0c200000) (1024K)]
  0x0000026e1df70910 JavaThread "Thread-10"                  daemon [_thread_in_native, id=30624, stack(0x000000ce0c200000,0x000000ce0c300000) (1024K)]
  0x0000026e1df73d90 JavaThread "Thread-11"                  daemon [_thread_in_native, id=13916, stack(0x000000ce0c300000,0x000000ce0c400000) (1024K)]
  0x0000026e1df74420 JavaThread "Thread-12"                  daemon [_thread_in_native, id=23288, stack(0x000000ce0c400000,0x000000ce0c500000) (1024K)]
  0x0000026e1df74ab0 JavaThread "Thread-13"                  daemon [_thread_in_native, id=25264, stack(0x000000ce0c500000,0x000000ce0c600000) (1024K)]
  0x0000026e1df71630 JavaThread "pool-2-thread-1"                   [_thread_blocked, id=27404, stack(0x000000ce0c600000,0x000000ce0c700000) (1024K)]
  0x0000026e1df75140 JavaThread "WorkspaceEventsHandler"            [_thread_blocked, id=25956, stack(0x000000ce0c700000,0x000000ce0c800000) (1024K)]
  0x0000026e1df764f0 JavaThread "pool-1-thread-1"                   [_thread_blocked, id=35196, stack(0x000000ce0c800000,0x000000ce0c900000) (1024K)]
  0x0000026e1c80a330 JavaThread "Cleaner-0"                  daemon [_thread_blocked, id=33676, stack(0x000000ce0d800000,0x000000ce0d900000) (1024K)]
  0x0000026e1fb1d3c0 JavaThread "Worker-280"                        [_thread_blocked, id=21372, stack(0x000000ce08f00000,0x000000ce09000000) (1024K)]
  0x0000026e1d5421c0 JavaThread "Worker-282"                        [_thread_blocked, id=39720, stack(0x000000ce08d00000,0x000000ce08e00000) (1024K)]
Total: 39

Other Threads:
  0x0000026dbc57ead0 VMThread "VM Thread"                           [id=31300, stack(0x000000ce09300000,0x000000ce09400000) (1024K)]
  0x0000026dd2e4ca10 WatcherThread "VM Periodic Task Thread"        [id=35680, stack(0x000000ce09200000,0x000000ce09300000) (1024K)]
  0x0000026dbc4e1c60 WorkerThread "GC Thread#0"                     [id=4968, stack(0x000000ce09100000,0x000000ce09200000) (1024K)]
  0x0000026e1aa35b50 WorkerThread "GC Thread#1"                     [id=35044, stack(0x000000ce0a000000,0x000000ce0a100000) (1024K)]
  0x0000026e1aa35ef0 WorkerThread "GC Thread#2"                     [id=33560, stack(0x000000ce0a100000,0x000000ce0a200000) (1024K)]
  0x0000026e1aa36290 WorkerThread "GC Thread#3"                     [id=6320, stack(0x000000ce0a200000,0x000000ce0a300000) (1024K)]
  0x0000026e1a68f070 WorkerThread "GC Thread#4"                     [id=26736, stack(0x000000ce0a300000,0x000000ce0a400000) (1024K)]
  0x0000026e1a68f410 WorkerThread "GC Thread#5"                     [id=19496, stack(0x000000ce0a400000,0x000000ce0a500000) (1024K)]
  0x0000026e1a4d8630 WorkerThread "GC Thread#6"                     [id=27096, stack(0x000000ce0a500000,0x000000ce0a600000) (1024K)]
  0x0000026e1ab922d0 WorkerThread "GC Thread#7"                     [id=6060, stack(0x000000ce09f00000,0x000000ce0a000000) (1024K)]
  0x0000026e1a8fb190 WorkerThread "GC Thread#8"                     [id=23420, stack(0x000000ce0aa00000,0x000000ce0ab00000) (1024K)]
  0x0000026e1a913d80 WorkerThread "GC Thread#9"                     [id=33804, stack(0x000000ce0ab00000,0x000000ce0ac00000) (1024K)]
Total: 12

Threads with active compile tasks:
Total: 0

VM state: not at safepoint (normal execution)

VM Mutex/Monitor currently owned by a thread: None

Heap address: 0x0000000080000000, size: 2048 MB, Compressed Oops mode: 32-bit

CDS archive(s) mapped at: [0x0000026dd3000000-0x0000026dd3ba0000-0x0000026dd3ba0000), size 12189696, SharedBaseAddress: 0x0000026dd3000000, ArchiveRelocationMode: 1.
Compressed class space mapped at: 0x0000026dd4000000-0x0000026e14000000, reserved size: 1073741824
Narrow klass base: 0x0000026dd3000000, Narrow klass shift: 0, Narrow klass range: 0x100000000

GC Precious Log:
 CardTable entry size: 512
 CPUs: 12 total, 12 available
 Memory: 15713M
 Large Page Support: Disabled
 NUMA Support: Disabled
 Compressed Oops: Enabled (32-bit)
 Alignments: Space 512K, Generation 512K, Heap 2M
 Heap Min Capacity: 100M
 Heap Initial Capacity: 100M
 Heap Max Capacity: 2G
 Pre-touch: Disabled
 Parallel Workers: 10

Heap:
 PSYoungGen      total 9216K, used 4091K [0x00000000d5580000, 0x00000000d6500000, 0x0000000100000000)
  eden space 8704K, 42% used [0x00000000d5580000,0x00000000d5916f18,0x00000000d5e00000)
  from space 512K, 81% used [0x00000000d6480000,0x00000000d64e8000,0x00000000d6500000)
  to   space 2048K, 0% used [0x00000000d6100000,0x00000000d6100000,0x00000000d6300000)
 ParOldGen       total 1309696K, used 1309326K [0x0000000080000000, 0x00000000cff00000, 0x00000000d5580000)
  object space 1309696K, 99% used [0x0000000080000000,0x00000000cfea3820,0x00000000cff00000)
 Metaspace       used 100770K, committed 102464K, reserved 1179648K
  class space    used 9640K, committed 10432K, reserved 1048576K

Card table byte_map: [0x0000026dbbe90000,0x0000026dbc2a0000] _byte_map_base: 0x0000026dbba90000

Marking Bits: (ParMarkBitMap*) 0x00007ffe990a2460
 Begin Bits: [0x0000026dce970000, 0x0000026dd0970000)
 End Bits:   [0x0000026dd0970000, 0x0000026dd2970000)

Polling page: 0x0000026dbbc80000

Metaspace:

Usage:
  Non-class:     88.99 MB used.
      Class:      9.41 MB used.
       Both:     98.41 MB used.

Virtual space:
  Non-class space:      128.00 MB reserved,      89.88 MB ( 70%) committed,  2 nodes.
      Class space:        1.00 GB reserved,      10.19 MB ( <1%) committed,  1 nodes.
             Both:        1.12 GB reserved,     100.06 MB (  9%) committed. 

Chunk freelists:
   Non-Class:  5.36 MB
       Class:  5.74 MB
        Both:  11.10 MB

MaxMetaspaceSize: unlimited
CompressedClassSpaceSize: 1.00 GB
Initial GC threshold: 21.00 MB
Current GC threshold: 165.88 MB
CDS: on
 - commit_granule_bytes: 65536.
 - commit_granule_words: 8192.
 - virtual_space_node_default_size: 8388608.
 - enlarge_chunks_in_place: 1.
 - use_allocation_guard: 0.


Internal statistics:

num_allocs_failed_limit: 9.
num_arena_births: 3242.
num_arena_deaths: 1318.
num_vsnodes_births: 3.
num_vsnodes_deaths: 0.
num_space_committed: 1602.
num_space_uncommitted: 1.
num_chunks_returned_to_freelist: 1718.
num_chunks_taken_from_freelist: 9113.
num_chunk_merges: 509.
num_chunk_splits: 4861.
num_chunks_enlarged: 2429.
num_inconsistent_stats: 0.

CodeHeap 'non-profiled nmethods': size=120000Kb used=34050Kb max_used=38285Kb free=85949Kb
 bounds [0x0000026dc7190000, 0x0000026dc97a0000, 0x0000026dce6c0000]
CodeHeap 'profiled nmethods': size=120000Kb used=30026Kb max_used=50918Kb free=89973Kb
 bounds [0x0000026dbf6c0000, 0x0000026dc2880000, 0x0000026dc6bf0000]
CodeHeap 'non-nmethods': size=5760Kb used=1548Kb max_used=1621Kb free=4211Kb
 bounds [0x0000026dc6bf0000, 0x0000026dc6e60000, 0x0000026dc7190000]
CodeCache: size=245760Kb, used=65624Kb, max_used=90824Kb, free=180133Kb
 total_blobs=16721, nmethods=15853, adapters=766, full_count=0
Compilation: enabled, stopped_count=0, restarted_count=0

Compilation events (20 events):
Event: 720096.435 Thread 0x0000026e1a013940 45525       4       java.util.Arrays::fill (23 bytes)
Event: 720096.435 Thread 0x0000026e1a03a050 45526       3       sun.security.provider.SHA5::<init> (27 bytes)
Event: 720096.438 Thread 0x0000026e1a03a050 nmethod 45526 0x0000026dc1392590 code [0x0000026dc1392760, 0x0000026dc1392b50]
Event: 720096.439 Thread 0x0000026e1a013940 nmethod 45525 0x0000026dc8822d10 code [0x0000026dc8822ea0, 0x0000026dc8822fe0]
Event: 720096.792 Thread 0x0000026e1a03a050 45527       3       sun.security.provider.SHA5$SHA384::<init> (12 bytes)
Event: 720096.793 Thread 0x0000026e1a03a050 nmethod 45527 0x0000026dbfd78590 code [0x0000026dbfd78760, 0x0000026dbfd78bc8]
Event: 720096.795 Thread 0x0000026e1a03a050 45528   !   3       javax.crypto.Cipher::chooseFirstProvider (302 bytes)
Event: 720096.798 Thread 0x0000026e1a03a050 nmethod 45528 0x0000026dc0b76510 code [0x0000026dc0b76860, 0x0000026dc0b77d88]
Event: 720096.799 Thread 0x0000026e1a03a050 45529       3       com.sun.crypto.provider.GaloisCounterMode::checkInit (67 bytes)
Event: 720096.801 Thread 0x0000026e1a03a050 nmethod 45529 0x0000026dbff1cf10 code [0x0000026dbff1d100, 0x0000026dbff1d5e8]
Event: 720097.009 Thread 0x0000026e1a03a050 45530   !   3       java.net.Socket$SocketInputStream::read (56 bytes)
Event: 720097.012 Thread 0x0000026e1a03a050 nmethod 45530 0x0000026dc02f5b90 code [0x0000026dc02f5da0, 0x0000026dc02f6470]
Event: 720099.220 Thread 0x0000026e1a03a050 45531       3       org.eclipse.jdt.internal.compiler.lookup.ProblemReferenceBinding::shortReadableName (5 bytes)
Event: 720099.221 Thread 0x0000026e1a03a050 nmethod 45531 0x0000026dc0fa2690 code [0x0000026dc0fa2840, 0x0000026dc0fa2ae8]
Event: 750994.686 Thread 0x0000026e1a03a050 45532 % !   3       java.util.concurrent.ThreadPoolExecutor::runWorker @ 21 (187 bytes)
Event: 750994.755 Thread 0x0000026e1a03a050 nmethod 45532% 0x0000026dc1478490 code [0x0000026dc14787e0, 0x0000026dc1479de0]
Event: 772464.690 Thread 0x0000026e1a03a050 45533       1       java.util.concurrent.locks.AbstractQueuedSynchronizer::setState (6 bytes)
Event: 772464.703 Thread 0x0000026e1a03a050 nmethod 45533 0x0000026dc80a2710 code [0x0000026dc80a28a0, 0x0000026dc80a2970]
Event: 772504.711 Thread 0x0000026e1a013940 45534       4       java.util.concurrent.ThreadPoolExecutor$Worker::tryRelease (12 bytes)
Event: 772504.719 Thread 0x0000026e1a013940 nmethod 45534 0x0000026dc8138210 code [0x0000026dc81383a0, 0x0000026dc8138438]

GC Heap History (20 events):
Event: 718715.029 GC heap before
{Heap before GC invocations=46717 (full 27):
 PSYoungGen      total 9728K, used 9312K [0x00000000d5580000, 0x00000000d6080000, 0x0000000100000000)
  eden space 8704K, 100% used [0x00000000d5580000,0x00000000d5e00000,0x00000000d5e00000)
  from space 1024K, 59% used [0x00000000d5f80000,0x00000000d6018000,0x00000000d6080000)
  to   space 1024K, 0% used [0x00000000d5e80000,0x00000000d5e80000,0x00000000d5f80000)
 ParOldGen       total 1287680K, used 1287397K [0x0000000080000000, 0x00000000ce980000, 0x00000000d5580000)
  object space 1287680K, 99% used [0x0000000080000000,0x00000000ce939428,0x00000000ce980000)
 Metaspace       used 100762K, committed 102464K, reserved 1179648K
  class space    used 9640K, committed 10432K, reserved 1048576K
}
Event: 718715.031 GC heap after
{Heap after GC invocations=46717 (full 27):
 PSYoungGen      total 9728K, used 1024K [0x00000000d5580000, 0x00000000d6200000, 0x0000000100000000)
  eden space 8704K, 0% used [0x00000000d5580000,0x00000000d5580000,0x00000000d5e00000)
  from space 1024K, 100% used [0x00000000d5e80000,0x00000000d5f80000,0x00000000d5f80000)
  to   space 2048K, 0% used [0x00000000d6000000,0x00000000d6000000,0x00000000d6200000)
 ParOldGen       total 1288192K, used 1287901K [0x0000000080000000, 0x00000000cea00000, 0x00000000d5580000)
  object space 1288192K, 99% used [0x0000000080000000,0x00000000ce9b7428,0x00000000cea00000)
 Metaspace       used 100762K, committed 102464K, reserved 1179648K
  class space    used 9640K, committed 10432K, reserved 1048576K
}
Event: 718715.824 GC heap before
{Heap before GC invocations=46718 (full 27):
 PSYoungGen      total 9728K, used 9728K [0x00000000d5580000, 0x00000000d6200000, 0x0000000100000000)
  eden space 8704K, 100% used [0x00000000d5580000,0x00000000d5e00000,0x00000000d5e00000)
  from space 1024K, 100% used [0x00000000d5e80000,0x00000000d5f80000,0x00000000d5f80000)
  to   space 2048K, 0% used [0x00000000d6000000,0x00000000d6000000,0x00000000d6200000)
 ParOldGen       total 1288192K, used 1287901K [0x0000000080000000, 0x00000000cea00000, 0x00000000d5580000)
  object space 1288192K, 99% used [0x0000000080000000,0x00000000ce9b7428,0x00000000cea00000)
 Metaspace       used 100762K, committed 102464K, reserved 1179648K
  class space    used 9640K, committed 10432K, reserved 1048576K
}
Event: 718715.826 GC heap after
{Heap after GC invocations=46718 (full 27):
 PSYoungGen      total 9216K, used 352K [0x00000000d5580000, 0x00000000d6080000, 0x0000000100000000)
  eden space 8704K, 0% used [0x00000000d5580000,0x00000000d5580000,0x00000000d5e00000)
  from space 512K, 68% used [0x00000000d6000000,0x00000000d6058000,0x00000000d6080000)
  to   space 1024K, 0% used [0x00000000d5e80000,0x00000000d5e80000,0x00000000d5f80000)
 ParOldGen       total 1288704K, used 1288367K [0x0000000080000000, 0x00000000cea80000, 0x00000000d5580000)
  object space 1288704K, 99% used [0x0000000080000000,0x00000000cea2bde8,0x00000000cea80000)
 Metaspace       used 100762K, committed 102464K, reserved 1179648K
  class space    used 9640K, committed 10432K, reserved 1048576K
}
Event: 718716.039 GC heap before
{Heap before GC invocations=46719 (full 27):
 PSYoungGen      total 9216K, used 9056K [0x00000000d5580000, 0x00000000d6080000, 0x0000000100000000)
  eden space 8704K, 100% used [0x00000000d5580000,0x00000000d5e00000,0x00000000d5e00000)
  from space 512K, 68% used [0x00000000d6000000,0x00000000d6058000,0x00000000d6080000)
  to   space 1024K, 0% used [0x00000000d5e80000,0x00000000d5e80000,0x00000000d5f80000)
 ParOldGen       total 1288704K, used 1288367K [0x0000000080000000, 0x00000000cea80000, 0x00000000d5580000)
  object space 1288704K, 99% used [0x0000000080000000,0x00000000cea2bde8,0x00000000cea80000)
 Metaspace       used 100765K, committed 102464K, reserved 1179648K
  class space    used 9640K, committed 10432K, reserved 1048576K
}
Event: 718716.041 GC heap after
{Heap after GC invocations=46719 (full 27):
 PSYoungGen      total 9728K, used 1024K [0x00000000d5580000, 0x00000000d6100000, 0x0000000100000000)
  eden space 8704K, 0% used [0x00000000d5580000,0x00000000d5580000,0x00000000d5e00000)
  from space 1024K, 100% used [0x00000000d5e80000,0x00000000d5f80000,0x00000000d5f80000)
  to   space 1536K, 0% used [0x00000000d5f80000,0x00000000d5f80000,0x00000000d6100000)
 ParOldGen       total 1288704K, used 1288544K [0x0000000080000000, 0x00000000cea80000, 0x00000000d5580000)
  object space 1288704K, 99% used [0x0000000080000000,0x00000000cea58350,0x00000000cea80000)
 Metaspace       used 100765K, committed 102464K, reserved 1179648K
  class space    used 9640K, committed 10432K, reserved 1048576K
}
Event: 718726.049 GC heap before
{Heap before GC invocations=46720 (full 27):
 PSYoungGen      total 9728K, used 9542K [0x00000000d5580000, 0x00000000d6100000, 0x0000000100000000)
  eden space 8704K, 97% used [0x00000000d5580000,0x00000000d5dd1998,0x00000000d5e00000)
  from space 1024K, 100% used [0x00000000d5e80000,0x00000000d5f80000,0x00000000d5f80000)
  to   space 1536K, 0% used [0x00000000d5f80000,0x00000000d5f80000,0x00000000d6100000)
 ParOldGen       total 1288704K, used 1288544K [0x0000000080000000, 0x00000000cea80000, 0x00000000d5580000)
  object space 1288704K, 99% used [0x0000000080000000,0x00000000cea58350,0x00000000cea80000)
 Metaspace       used 100765K, committed 102464K, reserved 1179648K
  class space    used 9640K, committed 10432K, reserved 1048576K
}
Event: 718726.052 GC heap after
{Heap after GC invocations=46720 (full 27):
 PSYoungGen      total 10240K, used 961K [0x00000000d5580000, 0x00000000d6100000, 0x0000000100000000)
  eden space 8704K, 0% used [0x00000000d5580000,0x00000000d5580000,0x00000000d5e00000)
  from space 1536K, 62% used [0x00000000d5f80000,0x00000000d6070498,0x00000000d6100000)
  to   space 1536K, 0% used [0x00000000d5e00000,0x00000000d5e00000,0x00000000d5f80000)
 ParOldGen       total 1289728K, used 1289576K [0x0000000080000000, 0x00000000ceb80000, 0x00000000d5580000)
  object space 1289728K, 99% used [0x0000000080000000,0x00000000ceb5a1c8,0x00000000ceb80000)
 Metaspace       used 100765K, committed 102464K, reserved 1179648K
  class space    used 9640K, committed 10432K, reserved 1048576K
}
Event: 718726.066 GC heap before
{Heap before GC invocations=46721 (full 27):
 PSYoungGen      total 10240K, used 9665K [0x00000000d5580000, 0x00000000d6100000, 0x0000000100000000)
  eden space 8704K, 100% used [0x00000000d5580000,0x00000000d5e00000,0x00000000d5e00000)
  from space 1536K, 62% used [0x00000000d5f80000,0x00000000d6070498,0x00000000d6100000)
  to   space 1536K, 0% used [0x00000000d5e00000,0x00000000d5e00000,0x00000000d5f80000)
 ParOldGen       total 1289728K, used 1289576K [0x0000000080000000, 0x00000000ceb80000, 0x00000000d5580000)
  object space 1289728K, 99% used [0x0000000080000000,0x00000000ceb5a1c8,0x00000000ceb80000)
 Metaspace       used 100765K, committed 102464K, reserved 1179648K
  class space    used 9640K, committed 10432K, reserved 1048576K
}
Event: 718726.070 GC heap after
{Heap after GC invocations=46721 (full 27):
 PSYoungGen      total 10240K, used 1521K [0x00000000d5580000, 0x00000000d7300000, 0x0000000100000000)
  eden space 8704K, 0% used [0x00000000d5580000,0x00000000d5580000,0x00000000d5e00000)
  from space 1536K, 99% used [0x00000000d5e00000,0x00000000d5f7c498,0x00000000d5f80000)
  to   space 10752K, 0% used [0x00000000d6880000,0x00000000d6880000,0x00000000d7300000)
 ParOldGen       total 1297408K, used 1297032K [0x0000000080000000, 0x00000000cf300000, 0x00000000d5580000)
  object space 1297408K, 99% used [0x0000000080000000,0x00000000cf2a2288,0x00000000cf300000)
 Metaspace       used 100765K, committed 102464K, reserved 1179648K
  class space    used 9640K, committed 10432K, reserved 1048576K
}
Event: 718726.107 GC heap before
{Heap before GC invocations=46722 (full 27):
 PSYoungGen      total 10240K, used 10225K [0x00000000d5580000, 0x00000000d7300000, 0x0000000100000000)
  eden space 8704K, 100% used [0x00000000d5580000,0x00000000d5e00000,0x00000000d5e00000)
  from space 1536K, 99% used [0x00000000d5e00000,0x00000000d5f7c498,0x00000000d5f80000)
  to   space 10752K, 0% used [0x00000000d6880000,0x00000000d6880000,0x00000000d7300000)
 ParOldGen       total 1297408K, used 1297032K [0x0000000080000000, 0x00000000cf300000, 0x00000000d5580000)
  object space 1297408K, 99% used [0x0000000080000000,0x00000000cf2a2288,0x00000000cf300000)
 Metaspace       used 100765K, committed 102464K, reserved 1179648K
  class space    used 9640K, committed 10432K, reserved 1048576K
}
Event: 718726.111 GC heap after
{Heap after GC invocations=46722 (full 27):
 PSYoungGen      total 16896K, used 7972K [0x00000000d5580000, 0x00000000d7080000, 0x0000000100000000)
  eden space 8704K, 0% used [0x00000000d5580000,0x00000000d5580000,0x00000000d5e00000)
  from space 8192K, 97% used [0x00000000d6880000,0x00000000d70492d8,0x00000000d7080000)
  to   space 8704K, 0% used [0x00000000d5f80000,0x00000000d5f80000,0x00000000d6800000)
 ParOldGen       total 1298432K, used 1298257K [0x0000000080000000, 0x00000000cf400000, 0x00000000d5580000)
  object space 1298432K, 99% used [0x0000000080000000,0x00000000cf3d4720,0x00000000cf400000)
 Metaspace       used 100765K, committed 102464K, reserved 1179648K
  class space    used 9640K, committed 10432K, reserved 1048576K
}
Event: 720089.544 GC heap before
{Heap before GC invocations=46723 (full 27):
 PSYoungGen      total 16896K, used 16676K [0x00000000d5580000, 0x00000000d7080000, 0x0000000100000000)
  eden space 8704K, 100% used [0x00000000d5580000,0x00000000d5e00000,0x00000000d5e00000)
  from space 8192K, 97% used [0x00000000d6880000,0x00000000d70492d8,0x00000000d7080000)
  to   space 8704K, 0% used [0x00000000d5f80000,0x00000000d5f80000,0x00000000d6800000)
 ParOldGen       total 1298432K, used 1298257K [0x0000000080000000, 0x00000000cf400000, 0x00000000d5580000)
  object space 1298432K, 99% used [0x0000000080000000,0x00000000cf3d4720,0x00000000cf400000)
 Metaspace       used 100767K, committed 102464K, reserved 1179648K
  class space    used 9640K, committed 10432K, reserved 1048576K
}
Event: 720089.600 GC heap after
{Heap after GC invocations=46723 (full 27):
 PSYoungGen      total 10752K, used 1600K [0x00000000d5580000, 0x00000000d6900000, 0x0000000100000000)
  eden space 8704K, 0% used [0x00000000d5580000,0x00000000d5580000,0x00000000d5e00000)
  from space 2048K, 78% used [0x00000000d5f80000,0x00000000d6110020,0x00000000d6180000)
  to   space 4096K, 0% used [0x00000000d6500000,0x00000000d6500000,0x00000000d6900000)
 ParOldGen       total 1306112K, used 1305700K [0x0000000080000000, 0x00000000cfb80000, 0x00000000d5580000)
  object space 1306112K, 99% used [0x0000000080000000,0x00000000cfb193b0,0x00000000cfb80000)
 Metaspace       used 100767K, committed 102464K, reserved 1179648K
  class space    used 9640K, committed 10432K, reserved 1048576K
}
Event: 720096.062 GC heap before
{Heap before GC invocations=46724 (full 27):
 PSYoungGen      total 10752K, used 10304K [0x00000000d5580000, 0x00000000d6900000, 0x0000000100000000)
  eden space 8704K, 100% used [0x00000000d5580000,0x00000000d5e00000,0x00000000d5e00000)
  from space 2048K, 78% used [0x00000000d5f80000,0x00000000d6110020,0x00000000d6180000)
  to   space 4096K, 0% used [0x00000000d6500000,0x00000000d6500000,0x00000000d6900000)
 ParOldGen       total 1306112K, used 1305700K [0x0000000080000000, 0x00000000cfb80000, 0x00000000d5580000)
  object space 1306112K, 99% used [0x0000000080000000,0x00000000cfb193b0,0x00000000cfb80000)
 Metaspace       used 100767K, committed 102464K, reserved 1179648K
  class space    used 9640K, committed 10432K, reserved 1048576K
}
Event: 720096.065 GC heap after
{Heap after GC invocations=46724 (full 27):
 PSYoungGen      total 10240K, used 1326K [0x00000000d5580000, 0x00000000d6680000, 0x0000000100000000)
  eden space 8704K, 0% used [0x00000000d5580000,0x00000000d5580000,0x00000000d5e00000)
  from space 1536K, 86% used [0x00000000d6500000,0x00000000d664bb90,0x00000000d6680000)
  to   space 2048K, 0% used [0x00000000d6280000,0x00000000d6280000,0x00000000d6480000)
 ParOldGen       total 1307648K, used 1307191K [0x0000000080000000, 0x00000000cfd00000, 0x00000000d5580000)
  object space 1307648K, 99% used [0x0000000080000000,0x00000000cfc8df48,0x00000000cfd00000)
 Metaspace       used 100767K, committed 102464K, reserved 1179648K
  class space    used 9640K, committed 10432K, reserved 1048576K
}
Event: 720096.091 GC heap before
{Heap before GC invocations=46725 (full 27):
 PSYoungGen      total 10240K, used 10030K [0x00000000d5580000, 0x00000000d6680000, 0x0000000100000000)
  eden space 8704K, 100% used [0x00000000d5580000,0x00000000d5e00000,0x00000000d5e00000)
  from space 1536K, 86% used [0x00000000d6500000,0x00000000d664bb90,0x00000000d6680000)
  to   space 2048K, 0% used [0x00000000d6280000,0x00000000d6280000,0x00000000d6480000)
 ParOldGen       total 1307648K, used 1307191K [0x0000000080000000, 0x00000000cfd00000, 0x00000000d5580000)
  object space 1307648K, 99% used [0x0000000080000000,0x00000000cfc8df48,0x00000000cfd00000)
 Metaspace       used 100767K, committed 102464K, reserved 1179648K
  class space    used 9640K, committed 10432K, reserved 1048576K
}
Event: 720096.094 GC heap after
{Heap after GC invocations=46725 (full 27):
 PSYoungGen      total 10752K, used 2030K [0x00000000d5580000, 0x00000000d6800000, 0x0000000100000000)
  eden space 8704K, 0% used [0x00000000d5580000,0x00000000d5580000,0x00000000d5e00000)
  from space 2048K, 99% used [0x00000000d6280000,0x00000000d647bb90,0x00000000d6480000)
  to   space 3584K, 0% used [0x00000000d6480000,0x00000000d6480000,0x00000000d6800000)
 ParOldGen       total 1309696K, used 1309302K [0x0000000080000000, 0x00000000cff00000, 0x00000000d5580000)
  object space 1309696K, 99% used [0x0000000080000000,0x00000000cfe9d820,0x00000000cff00000)
 Metaspace       used 100767K, committed 102464K, reserved 1179648K
  class space    used 9640K, committed 10432K, reserved 1048576K
}
Event: 720099.226 GC heap before
{Heap before GC invocations=46726 (full 27):
 PSYoungGen      total 10752K, used 10734K [0x00000000d5580000, 0x00000000d6800000, 0x0000000100000000)
  eden space 8704K, 100% used [0x00000000d5580000,0x00000000d5e00000,0x00000000d5e00000)
  from space 2048K, 99% used [0x00000000d6280000,0x00000000d647bb90,0x00000000d6480000)
  to   space 3584K, 0% used [0x00000000d6480000,0x00000000d6480000,0x00000000d6800000)
 ParOldGen       total 1309696K, used 1309302K [0x0000000080000000, 0x00000000cff00000, 0x00000000d5580000)
  object space 1309696K, 99% used [0x0000000080000000,0x00000000cfe9d820,0x00000000cff00000)
 Metaspace       used 100770K, committed 102464K, reserved 1179648K
  class space    used 9640K, committed 10432K, reserved 1048576K
}
Event: 720099.228 GC heap after
{Heap after GC invocations=46726 (full 27):
 PSYoungGen      total 9216K, used 416K [0x00000000d5580000, 0x00000000d6500000, 0x0000000100000000)
  eden space 8704K, 0% used [0x00000000d5580000,0x00000000d5580000,0x00000000d5e00000)
  from space 512K, 81% used [0x00000000d6480000,0x00000000d64e8000,0x00000000d6500000)
  to   space 2048K, 0% used [0x00000000d6100000,0x00000000d6100000,0x00000000d6300000)
 ParOldGen       total 1309696K, used 1309326K [0x0000000080000000, 0x00000000cff00000, 0x00000000d5580000)
  object space 1309696K, 99% used [0x0000000080000000,0x00000000cfea3820,0x00000000cff00000)
 Metaspace       used 100770K, committed 102464K, reserved 1179648K
  class space    used 9640K, committed 10432K, reserved 1048576K
}

Dll operation events (12 events):
Event: 0.010 Loaded shared library c:\Users\djatc\.vscode\extensions\redhat.java-1.50.0-win32-x64\jre\21.0.9-win32-x86_64\bin\java.dll
Event: 0.080 Loaded shared library c:\Users\djatc\.vscode\extensions\redhat.java-1.50.0-win32-x64\jre\21.0.9-win32-x86_64\bin\zip.dll
Event: 0.105 Loaded shared library C:\Users\djatc\.vscode\extensions\redhat.java-1.50.0-win32-x64\jre\21.0.9-win32-x86_64\bin\instrument.dll
Event: 0.112 Loaded shared library C:\Users\djatc\.vscode\extensions\redhat.java-1.50.0-win32-x64\jre\21.0.9-win32-x86_64\bin\net.dll
Event: 0.114 Loaded shared library C:\Users\djatc\.vscode\extensions\redhat.java-1.50.0-win32-x64\jre\21.0.9-win32-x86_64\bin\nio.dll
Event: 0.118 Loaded shared library C:\Users\djatc\.vscode\extensions\redhat.java-1.50.0-win32-x64\jre\21.0.9-win32-x86_64\bin\zip.dll
Event: 0.140 Loaded shared library C:\Users\djatc\.vscode\extensions\redhat.java-1.50.0-win32-x64\jre\21.0.9-win32-x86_64\bin\jimage.dll
Event: 0.220 Loaded shared library c:\Users\djatc\.vscode\extensions\redhat.java-1.50.0-win32-x64\jre\21.0.9-win32-x86_64\bin\verify.dll
Event: 5.081 Loaded shared library C:\Users\djatc\AppData\Roaming\Code\User\globalStorage\redhat.java\1.50.0\config_win\org.eclipse.equinox.launcher\org.eclipse.equinox.launcher.win32.win32.x86_64_1.2.1400.v20250801-0854\eclipse_11916.dll
Event: 12.515 Loaded shared library C:\Users\djatc\AppData\Local\Temp\jna-95606858\jna5228124947410373007.dll
Event: 13.806 Loaded shared library C:\Users\djatc\.vscode\extensions\redhat.java-1.50.0-win32-x64\jre\21.0.9-win32-x86_64\bin\sunmscapi.dll
Event: 14.171 Loaded shared library C:\Users\djatc\.vscode\extensions\redhat.java-1.50.0-win32-x64\jre\21.0.9-win32-x86_64\bin\extnet.dll

Deoptimization events (20 events):
Event: 718631.129 Thread 0x0000026e1d542ee0 DEOPT PACKING pc=0x0000026dc044e632 sp=0x000000ce08efed70
Event: 718631.129 Thread 0x0000026e1d542ee0 DEOPT UNPACKING pc=0x0000026dc6c44242 sp=0x000000ce08efe248 mode 0
Event: 718631.137 Thread 0x0000026e1fb23630 Uncommon trap: trap_request=0xffffffde fr.pc=0x0000026dc85fb3fc relative=0x00000000000006dc
Event: 718631.137 Thread 0x0000026e1fb23630 Uncommon trap: reason=class_check action=maybe_recompile pc=0x0000026dc85fb3fc method=org.eclipse.jdt.internal.core.CompilationUnit.validateCompilationUnit(Lorg/eclipse/core/resources/IResource;)Lorg/eclipse/core/runtime/IStatus; @ 6 c2
Event: 718631.137 Thread 0x0000026e1fb23630 DEOPT PACKING pc=0x0000026dc85fb3fc sp=0x000000ce0adfe8d0
Event: 718631.137 Thread 0x0000026e1fb23630 DEOPT UNPACKING pc=0x0000026dc6c43aa2 sp=0x000000ce0adfe808 mode 2
Event: 718631.656 Thread 0x0000026e1d542ee0 DEOPT PACKING pc=0x0000026dc044e632 sp=0x000000ce08efed70
Event: 718631.657 Thread 0x0000026e1d542ee0 DEOPT UNPACKING pc=0x0000026dc6c44242 sp=0x000000ce08efe248 mode 0
Event: 718631.659 Thread 0x0000026e1fb23630 Uncommon trap: trap_request=0xffffffde fr.pc=0x0000026dc85fb3fc relative=0x00000000000006dc
Event: 718631.659 Thread 0x0000026e1fb23630 Uncommon trap: reason=class_check action=maybe_recompile pc=0x0000026dc85fb3fc method=org.eclipse.jdt.internal.core.CompilationUnit.validateCompilationUnit(Lorg/eclipse/core/resources/IResource;)Lorg/eclipse/core/runtime/IStatus; @ 6 c2
Event: 718631.659 Thread 0x0000026e1fb23630 DEOPT PACKING pc=0x0000026dc85fb3fc sp=0x000000ce0adfe8d0
Event: 718631.659 Thread 0x0000026e1fb23630 DEOPT UNPACKING pc=0x0000026dc6c43aa2 sp=0x000000ce0adfe808 mode 2
Event: 718634.323 Thread 0x0000026e1d5400f0 Uncommon trap: trap_request=0xffffffc6 fr.pc=0x0000026dc8f04674 relative=0x0000000000000ff4
Event: 718634.323 Thread 0x0000026e1d5400f0 Uncommon trap: reason=bimorphic_or_optimized_type_check action=maybe_recompile pc=0x0000026dc8f04674 method=org.eclipse.jdt.internal.compiler.ast.Expression.checkCastTypesCompatibility(Lorg/eclipse/jdt/internal/compiler/lookup/Scope;Lorg/eclipse/jdt/inter
Event: 718634.323 Thread 0x0000026e1d5400f0 DEOPT PACKING pc=0x0000026dc8f04674 sp=0x000000ce08dfec90
Event: 718634.323 Thread 0x0000026e1d5400f0 DEOPT UNPACKING pc=0x0000026dc6c43aa2 sp=0x000000ce08dfec38 mode 2
Event: 720096.104 Thread 0x0000026e1d5400f0 Uncommon trap: trap_request=0xffffffc6 fr.pc=0x0000026dc7fbee00 relative=0x0000000000000060
Event: 720096.104 Thread 0x0000026e1d5400f0 Uncommon trap: reason=bimorphic_or_optimized_type_check action=maybe_recompile pc=0x0000026dc7fbee00 method=org.eclipse.jdt.internal.core.Openable.getBuffer()Lorg/eclipse/jdt/core/IBuffer; @ 1 c2
Event: 720096.104 Thread 0x0000026e1d5400f0 DEOPT PACKING pc=0x0000026dc7fbee00 sp=0x000000ce08efecb0
Event: 720096.104 Thread 0x0000026e1d5400f0 DEOPT UNPACKING pc=0x0000026dc6c43aa2 sp=0x000000ce08efec58 mode 2

Classes loaded (20 events):
Event: 240047.224 Loading class java/util/concurrent/ConcurrentHashMap$TreeNode
Event: 240047.225 Loading class java/util/concurrent/ConcurrentHashMap$TreeNode done
Event: 240047.226 Loading class java/util/concurrent/ConcurrentHashMap$TreeBin
Event: 240047.227 Loading class java/util/concurrent/ConcurrentHashMap$TreeBin done
Event: 241068.413 Loading class jdk/internal/access/JavaAWTAccess
Event: 241068.414 Loading class jdk/internal/access/JavaAWTAccess done
Event: 447198.870 Loading class java/lang/Throwable$WrappedPrintWriter
Event: 447198.870 Loading class java/lang/Throwable$PrintStreamOrWriter
Event: 447198.871 Loading class java/lang/Throwable$PrintStreamOrWriter done
Event: 447198.871 Loading class java/lang/Throwable$WrappedPrintWriter done
Event: 448979.807 Loading class java/lang/StringLatin1$LinesSpliterator
Event: 448979.810 Loading class java/lang/StringLatin1$LinesSpliterator done
Event: 701026.384 Loading class java/util/stream/Nodes$ToArrayTask$OfRef
Event: 701026.386 Loading class java/util/stream/Nodes$ToArrayTask
Event: 701026.386 Loading class java/util/stream/Nodes$ToArrayTask done
Event: 701026.387 Loading class java/util/stream/Nodes$ToArrayTask$OfRef done
Event: 701759.052 Loading class java/util/stream/ReferencePipeline$15
Event: 701759.053 Loading class java/util/stream/ReferencePipeline$15 done
Event: 701759.054 Loading class java/util/stream/ReferencePipeline$15$1
Event: 701759.054 Loading class java/util/stream/ReferencePipeline$15$1 done

Classes unloaded (20 events):
Event: 704048.387 Thread 0x0000026dbc57ead0 Unloading class 0x0000026dd49b1000 'java/lang/invoke/LambdaForm$MH+0x0000026dd49b1000'
Event: 704048.387 Thread 0x0000026dbc57ead0 Unloading class 0x0000026dd421a400 'java/lang/invoke/LambdaForm$MH+0x0000026dd421a400'
Event: 704048.387 Thread 0x0000026dbc57ead0 Unloading class 0x0000026dd498e800 'java/lang/invoke/LambdaForm$MH+0x0000026dd498e800'
Event: 704048.387 Thread 0x0000026dbc57ead0 Unloading class 0x0000026dd49aa000 'java/lang/invoke/LambdaForm$MH+0x0000026dd49aa000'
Event: 704048.387 Thread 0x0000026dbc57ead0 Unloading class 0x0000026dd40b4c00 'java/lang/invoke/LambdaForm$MH+0x0000026dd40b4c00'
Event: 704048.387 Thread 0x0000026dbc57ead0 Unloading class 0x0000026dd49c0000 'java/lang/invoke/LambdaForm$MH+0x0000026dd49c0000'
Event: 704048.387 Thread 0x0000026dbc57ead0 Unloading class 0x0000026dd49c2800 'java/lang/invoke/LambdaForm$MH+0x0000026dd49c2800'
Event: 704048.387 Thread 0x0000026dbc57ead0 Unloading class 0x0000026dd4235800 'java/lang/invoke/LambdaForm$MH+0x0000026dd4235800'
Event: 704048.387 Thread 0x0000026dbc57ead0 Unloading class 0x0000026dd49b2400 'java/lang/invoke/LambdaForm$MH+0x0000026dd49b2400'
Event: 704048.387 Thread 0x0000026dbc57ead0 Unloading class 0x0000026dd4925400 'java/lang/invoke/LambdaForm$MH+0x0000026dd4925400'
Event: 704048.387 Thread 0x0000026dbc57ead0 Unloading class 0x0000026dd49d5c00 'java/lang/invoke/LambdaForm$MH+0x0000026dd49d5c00'
Event: 707124.045 Thread 0x0000026dbc57ead0 Unloading class 0x0000026dd49d5400 'java/lang/invoke/LambdaForm$MH+0x0000026dd49d5400'
Event: 707124.045 Thread 0x0000026dbc57ead0 Unloading class 0x0000026dd49b1800 'java/lang/invoke/LambdaForm$MH+0x0000026dd49b1800'
Event: 707124.045 Thread 0x0000026dbc57ead0 Unloading class 0x0000026dd4996c00 'java/lang/invoke/LambdaForm$MH+0x0000026dd4996c00'
Event: 707124.045 Thread 0x0000026dbc57ead0 Unloading class 0x0000026dd49e0c00 'java/lang/invoke/LambdaForm$MH+0x0000026dd49e0c00'
Event: 707124.045 Thread 0x0000026dbc57ead0 Unloading class 0x0000026dd49f1000 'java/lang/invoke/LambdaForm$MH+0x0000026dd49f1000'
Event: 707124.045 Thread 0x0000026dbc57ead0 Unloading class 0x0000026dd49fc000 'java/lang/invoke/LambdaForm$MH+0x0000026dd49fc000'
Event: 712389.326 Thread 0x0000026dbc57ead0 Unloading class 0x0000026dd49d4000 'java/lang/invoke/LambdaForm$MH+0x0000026dd49d4000'
Event: 712389.326 Thread 0x0000026dbc57ead0 Unloading class 0x0000026dd49ac000 'java/lang/invoke/LambdaForm$BMH+0x0000026dd49ac000'
Event: 712389.326 Thread 0x0000026dbc57ead0 Unloading class 0x0000026dd49e0400 'java/lang/invoke/LambdaForm$MH+0x0000026dd49e0400'

Classes redefined (0 events):
No events

Internal exceptions (20 events):
Event: 718088.826 Thread 0x0000026e1c80a9c0 Exception <a 'java/lang/ClassNotFoundException'{0x00000000d5fcf620}: sun/net/www/protocol/jdt/Handler> (0x00000000d5fcf620) 
thrown [s\src\hotspot\share\classfile\systemDictionary.cpp, line 312]
Event: 718089.789 Thread 0x0000026e1c80a9c0 Exception <a 'java/lang/ClassNotFoundException'{0x00000000d60a52a0}: sun/net/www/protocol/jdt/Handler> (0x00000000d60a52a0) 
thrown [s\src\hotspot\share\classfile\systemDictionary.cpp, line 312]
Event: 718089.789 Thread 0x0000026e1c80a9c0 Exception <a 'java/lang/ClassNotFoundException'{0x00000000d60a8b80}: sun/net/www/protocol/jdt/Handler> (0x00000000d60a8b80) 
thrown [s\src\hotspot\share\classfile\systemDictionary.cpp, line 312]
Event: 718089.790 Thread 0x0000026e1c80a9c0 Exception <a 'java/lang/ClassNotFoundException'{0x00000000d60abe18}: sun/net/www/protocol/jdt/Handler> (0x00000000d60abe18) 
thrown [s\src\hotspot\share\classfile\systemDictionary.cpp, line 312]
Event: 718089.790 Thread 0x0000026e1c80a9c0 Exception <a 'java/lang/ClassNotFoundException'{0x00000000d60ae1c0}: sun/net/www/protocol/jdt/Handler> (0x00000000d60ae1c0) 
thrown [s\src\hotspot\share\classfile\systemDictionary.cpp, line 312]
Event: 718091.673 Thread 0x0000026e1c80a9c0 Exception <a 'java/lang/ClassNotFoundException'{0x00000000d603db80}: sun/net/www/protocol/jdt/Handler> (0x00000000d603db80) 
thrown [s\src\hotspot\share\classfile\systemDictionary.cpp, line 312]
Event: 718091.673 Thread 0x0000026e1c80a9c0 Exception <a 'java/lang/ClassNotFoundException'{0x00000000d6041fe8}: sun/net/www/protocol/jdt/Handler> (0x00000000d6041fe8) 
thrown [s\src\hotspot\share\classfile\systemDictionary.cpp, line 312]
Event: 718091.673 Thread 0x0000026e1c80a9c0 Exception <a 'java/lang/ClassNotFoundException'{0x00000000d6044aa8}: sun/net/www/protocol/jdt/Handler> (0x00000000d6044aa8) 
thrown [s\src\hotspot\share\classfile\systemDictionary.cpp, line 312]
Event: 718091.984 Thread 0x0000026e1c80a9c0 Exception <a 'java/lang/ClassNotFoundException'{0x00000000d58526f0}: sun/net/www/protocol/jdt/Handler> (0x00000000d58526f0) 
thrown [s\src\hotspot\share\classfile\systemDictionary.cpp, line 312]
Event: 718091.984 Thread 0x0000026e1c80a9c0 Exception <a 'java/lang/ClassNotFoundException'{0x00000000d5866db0}: sun/net/www/protocol/jdt/Handler> (0x00000000d5866db0) 
thrown [s\src\hotspot\share\classfile\systemDictionary.cpp, line 312]
Event: 718091.984 Thread 0x0000026e1c80a9c0 Exception <a 'java/lang/ClassNotFoundException'{0x00000000d5869870}: sun/net/www/protocol/jdt/Handler> (0x00000000d5869870) 
thrown [s\src\hotspot\share\classfile\systemDictionary.cpp, line 312]
Event: 718303.464 Thread 0x0000026e1a5fead0 Exception <a 'sun/nio/fs/WindowsException'{0x00000000d5d421f0}> (0x00000000d5d421f0) 
thrown [s\src\hotspot\share\prims\jni.cpp, line 520]
Event: 718303.561 Thread 0x0000026e1a5fead0 Exception <a 'sun/nio/fs/WindowsException'{0x00000000d5661f28}> (0x00000000d5661f28) 
thrown [s\src\hotspot\share\prims\jni.cpp, line 520]
Event: 718309.569 Thread 0x0000026e1a5fead0 Exception <a 'sun/nio/fs/WindowsException'{0x00000000d59cbe28}> (0x00000000d59cbe28) 
thrown [s\src\hotspot\share\prims\jni.cpp, line 520]
Event: 718309.638 Thread 0x0000026e1a5fead0 Exception <a 'sun/nio/fs/WindowsException'{0x00000000d55f1f28}> (0x00000000d55f1f28) 
thrown [s\src\hotspot\share\prims\jni.cpp, line 520]
Event: 718626.237 Thread 0x0000026e1d5421c0 Exception <a 'java/lang/ClassNotFoundException'{0x00000000d5b0d9d8}: sun/net/www/protocol/jdt/Handler> (0x00000000d5b0d9d8) 
thrown [s\src\hotspot\share\classfile\systemDictionary.cpp, line 312]
Event: 718626.237 Thread 0x0000026e1d5421c0 Exception <a 'java/lang/ClassNotFoundException'{0x00000000d5b0fb28}: sun/net/www/protocol/jdt/Handler> (0x00000000d5b0fb28) 
thrown [s\src\hotspot\share\classfile\systemDictionary.cpp, line 312]
Event: 718626.237 Thread 0x0000026e1d5421c0 Exception <a 'java/lang/ClassNotFoundException'{0x00000000d5b12288}: sun/net/www/protocol/jdt/Handler> (0x00000000d5b12288) 
thrown [s\src\hotspot\share\classfile\systemDictionary.cpp, line 312]
Event: 718726.046 Thread 0x0000026e1a5fead0 Exception <a 'sun/nio/fs/WindowsException'{0x00000000d5d4b918}> (0x00000000d5d4b918) 
thrown [s\src\hotspot\share\prims\jni.cpp, line 520]
Event: 718726.140 Thread 0x0000026e1a5fead0 Exception <a 'sun/nio/fs/WindowsException'{0x00000000d56539c0}> (0x00000000d56539c0) 
thrown [s\src\hotspot\share\prims\jni.cpp, line 520]

ZGC Phase Switch (0 events):
No events

VM Operations (20 events):
Event: 776735.093 Executing VM operation: HandshakeAllThreads (HandshakeForDeflation)
Event: 776735.093 Executing VM operation: HandshakeAllThreads (HandshakeForDeflation) done
Event: 776735.093 Executing VM operation: RendezvousGCThreads
Event: 776735.093 Executing VM operation: RendezvousGCThreads done
Event: 776795.230 Executing VM operation: HandshakeAllThreads (HandshakeForDeflation)
Event: 776795.230 Executing VM operation: HandshakeAllThreads (HandshakeForDeflation) done
Event: 776795.230 Executing VM operation: RendezvousGCThreads
Event: 776795.230 Executing VM operation: RendezvousGCThreads done
Event: 776855.465 Executing VM operation: HandshakeAllThreads (HandshakeForDeflation)
Event: 776855.465 Executing VM operation: HandshakeAllThreads (HandshakeForDeflation) done
Event: 776855.465 Executing VM operation: RendezvousGCThreads
Event: 776855.465 Executing VM operation: RendezvousGCThreads done
Event: 776975.850 Executing VM operation: HandshakeAllThreads (HandshakeForDeflation)
Event: 776975.851 Executing VM operation: HandshakeAllThreads (HandshakeForDeflation) done
Event: 776975.851 Executing VM operation: RendezvousGCThreads
Event: 776975.851 Executing VM operation: RendezvousGCThreads done
Event: 782219.579 Executing VM operation: HandshakeAllThreads (HandshakeForDeflation)
Event: 782219.579 Executing VM operation: HandshakeAllThreads (HandshakeForDeflation) done
Event: 782219.580 Executing VM operation: RendezvousGCThreads
Event: 782219.580 Executing VM operation: RendezvousGCThreads done

Memory protections (0 events):
No events

Nmethod flushes (20 events):
Event: 713203.035 Thread 0x0000026dbc57ead0 flushing  nmethod 0x0000026dc0e13e10
Event: 713203.035 Thread 0x0000026dbc57ead0 flushing  nmethod 0x0000026dc0e66490
Event: 713203.035 Thread 0x0000026dbc57ead0 flushing  nmethod 0x0000026dc0f93190
Event: 713203.035 Thread 0x0000026dbc57ead0 flushing  nmethod 0x0000026dc0fedc90
Event: 713203.035 Thread 0x0000026dbc57ead0 flushing  nmethod 0x0000026dc1264c10
Event: 713203.035 Thread 0x0000026dbc57ead0 flushing  nmethod 0x0000026dc1298810
Event: 713203.035 Thread 0x0000026dbc57ead0 flushing  nmethod 0x0000026dc1381310
Event: 713203.035 Thread 0x0000026dbc57ead0 flushing  nmethod 0x0000026dc13c9d10
Event: 713203.035 Thread 0x0000026dbc57ead0 flushing  nmethod 0x0000026dc16bdc90
Event: 713203.035 Thread 0x0000026dbc57ead0 flushing  nmethod 0x0000026dc17d2890
Event: 713203.035 Thread 0x0000026dbc57ead0 flushing  nmethod 0x0000026dc1861d90
Event: 713203.035 Thread 0x0000026dbc57ead0 flushing  nmethod 0x0000026dc1be7a90
Event: 713203.035 Thread 0x0000026dbc57ead0 flushing  nmethod 0x0000026dc1d5f090
Event: 713203.035 Thread 0x0000026dbc57ead0 flushing  nmethod 0x0000026dc1d97510
Event: 713203.035 Thread 0x0000026dbc57ead0 flushing  nmethod 0x0000026dc213ff10
Event: 713203.035 Thread 0x0000026dbc57ead0 flushing  nmethod 0x0000026dc22c0190
Event: 713203.035 Thread 0x0000026dbc57ead0 flushing  nmethod 0x0000026dc2505510
Event: 713203.035 Thread 0x0000026dbc57ead0 flushing  nmethod 0x0000026dc26eff90
Event: 713203.035 Thread 0x0000026dbc57ead0 flushing  nmethod 0x0000026dc26f1690
Event: 713203.035 Thread 0x0000026dbc57ead0 flushing  nmethod 0x0000026dc2775690

Events (20 events):
Event: 720088.277 Thread 0x0000026e1df764f0 Thread added: 0x0000026e1d5421c0
Event: 720089.531 Thread 0x0000026e1df764f0 Thread added: 0x0000026e1d5400f0
Event: 720096.061 Thread 0x0000026e1d5421c0 Thread added: 0x0000026e1d540780
Event: 720096.061 Thread 0x0000026e1d5400f0 Thread added: 0x0000026e1d545cd0
Event: 720096.795 Thread 0x0000026e1d5400f0 Thread added: 0x0000026e1d546360
Event: 720096.796 Thread 0x0000026e1d546360 Thread exited: 0x0000026e1d546360
Event: 720165.147 Thread 0x0000026e1d5400f0 Thread exited: 0x0000026e1d5400f0
Event: 720225.161 Thread 0x0000026e1d5421c0 Thread exited: 0x0000026e1d5421c0
Event: 720285.166 Thread 0x0000026e1d545cd0 Thread exited: 0x0000026e1d545cd0
Event: 720345.180 Thread 0x0000026e1d540780 Thread exited: 0x0000026e1d540780
Event: 725932.298 Thread 0x0000026e1df764f0 Thread added: 0x0000026e1d5421c0
Event: 725932.360 Thread 0x0000026e1df764f0 Thread added: 0x0000026e1d540780
Event: 725992.611 Thread 0x0000026e1d540780 Thread exited: 0x0000026e1d540780
Event: 726052.609 Thread 0x0000026e1d5421c0 Thread exited: 0x0000026e1d5421c0
Event: 747706.594 Thread 0x0000026e1df764f0 Thread added: 0x0000026e1d5421c0
Event: 747766.860 Thread 0x0000026e1d5421c0 Thread exited: 0x0000026e1d5421c0
Event: 772456.905 Thread 0x0000026e1df764f0 Thread added: 0x0000026e1d542ee0
Event: 772517.322 Thread 0x0000026e1d542ee0 Thread exited: 0x0000026e1d542ee0
Event: 782171.771 Thread 0x0000026e1fb1d3c0 Thread added: 0x0000026e1d5421c0
Event: 782171.774 Thread 0x0000026e1d545640 Thread exited: 0x0000026e1d545640


Dynamic libraries:
0x00007ff698000000 - 0x00007ff69800e000 	c:\Users\djatc\.vscode\extensions\redhat.java-1.50.0-win32-x64\jre\21.0.9-win32-x86_64\bin\java.exe
0x00007fff78c80000 - 0x00007fff78ee7000 	C:\WINDOWS\SYSTEM32\ntdll.dll
0x00007fff76a20000 - 0x00007fff76ae9000 	C:\WINDOWS\System32\KERNEL32.DLL
0x00007fff76420000 - 0x00007fff7680f000 	C:\WINDOWS\System32\KERNELBASE.dll
0x00007fff76820000 - 0x00007fff7696b000 	C:\WINDOWS\System32\ucrtbase.dll
0x00007fff56b70000 - 0x00007fff56b8e000 	c:\Users\djatc\.vscode\extensions\redhat.java-1.50.0-win32-x64\jre\21.0.9-win32-x86_64\bin\VCRUNTIME140.dll
0x00007fff56ad0000 - 0x00007fff56ae8000 	c:\Users\djatc\.vscode\extensions\redhat.java-1.50.0-win32-x64\jre\21.0.9-win32-x86_64\bin\jli.dll
0x00007fff77dd0000 - 0x00007fff77f95000 	C:\WINDOWS\System32\USER32.dll
0x00007fff5c560000 - 0x00007fff5c7f3000 	C:\WINDOWS\WinSxS\amd64_microsoft.windows.common-controls_6595b64144ccf1df_6.0.26100.7309_none_3e05feeae336a044\COMCTL32.dll
0x00007fff75dd0000 - 0x00007fff75df7000 	C:\WINDOWS\System32\win32u.dll
0x00007fff783a0000 - 0x00007fff78449000 	C:\WINDOWS\System32\msvcrt.dll
0x00007fff78370000 - 0x00007fff7839b000 	C:\WINDOWS\System32\GDI32.dll
0x00007fff75e00000 - 0x00007fff75f2c000 	C:\WINDOWS\System32\gdi32full.dll
0x00007fff76970000 - 0x00007fff76a13000 	C:\WINDOWS\System32\msvcp_win.dll
0x00007fff78c00000 - 0x00007fff78c31000 	C:\WINDOWS\System32\IMM32.DLL
0x00007fff51dd0000 - 0x00007fff51ddc000 	c:\Users\djatc\.vscode\extensions\redhat.java-1.50.0-win32-x64\jre\21.0.9-win32-x86_64\bin\vcruntime140_1.dll
0x00007ffef9320000 - 0x00007ffef93ad000 	c:\Users\djatc\.vscode\extensions\redhat.java-1.50.0-win32-x64\jre\21.0.9-win32-x86_64\bin\msvcp140.dll
0x00007ffe983e0000 - 0x00007ffe99180000 	c:\Users\djatc\.vscode\extensions\redhat.java-1.50.0-win32-x64\jre\21.0.9-win32-x86_64\bin\server\jvm.dll
0x00007fff77ae0000 - 0x00007fff77b94000 	C:\WINDOWS\System32\ADVAPI32.dll
0x00007fff77fa0000 - 0x00007fff78046000 	C:\WINDOWS\System32\sechost.dll
0x00007fff78050000 - 0x00007fff78168000 	C:\WINDOWS\System32\RPCRT4.dll
0x00007fff78510000 - 0x00007fff78584000 	C:\WINDOWS\System32\WS2_32.dll
0x00007fff6fee0000 - 0x00007fff6feeb000 	C:\WINDOWS\SYSTEM32\VERSION.dll
0x00007fff6fea0000 - 0x00007fff6fed5000 	C:\WINDOWS\SYSTEM32\WINMM.dll
0x00007fff75c50000 - 0x00007fff75cae000 	C:\WINDOWS\SYSTEM32\POWRPROF.dll
0x00007fff75c30000 - 0x00007fff75c44000 	C:\WINDOWS\SYSTEM32\UMPDC.dll
0x00007fff74aa0000 - 0x00007fff74abb000 	C:\WINDOWS\SYSTEM32\kernel.appcore.dll
0x00007fff51720000 - 0x00007fff5172a000 	c:\Users\djatc\.vscode\extensions\redhat.java-1.50.0-win32-x64\jre\21.0.9-win32-x86_64\bin\jimage.dll
0x00007fff6a7c0000 - 0x00007fff6aa02000 	C:\WINDOWS\SYSTEM32\DBGHELP.DLL
0x00007fff77750000 - 0x00007fff77ad5000 	C:\WINDOWS\System32\combase.dll
0x00007fff781a0000 - 0x00007fff78276000 	C:\WINDOWS\System32\OLEAUT32.dll
0x00007fff57cd0000 - 0x00007fff57d0c000 	C:\WINDOWS\SYSTEM32\dbgcore.DLL
0x00007fff75f30000 - 0x00007fff75fd5000 	C:\WINDOWS\System32\bcryptPrimitives.dll
0x00007fff511e0000 - 0x00007fff511ef000 	c:\Users\djatc\.vscode\extensions\redhat.java-1.50.0-win32-x64\jre\21.0.9-win32-x86_64\bin\instrument.dll
0x00007fff4e8e0000 - 0x00007fff4e900000 	c:\Users\djatc\.vscode\extensions\redhat.java-1.50.0-win32-x64\jre\21.0.9-win32-x86_64\bin\java.dll
0x00007fff76d50000 - 0x00007fff774a3000 	C:\WINDOWS\System32\SHELL32.dll
0x00007fff75fe0000 - 0x00007fff7614a000 	C:\WINDOWS\System32\wintypes.dll
0x00007fff739b0000 - 0x00007fff7420e000 	C:\WINDOWS\SYSTEM32\windows.storage.dll
0x00007fff77cb0000 - 0x00007fff77da5000 	C:\WINDOWS\System32\SHCORE.dll
0x00007fff78590000 - 0x00007fff785f6000 	C:\WINDOWS\System32\shlwapi.dll
0x00007fff75cf0000 - 0x00007fff75d19000 	C:\WINDOWS\SYSTEM32\profapi.dll
0x00007fff46d10000 - 0x00007fff46d28000 	c:\Users\djatc\.vscode\extensions\redhat.java-1.50.0-win32-x64\jre\21.0.9-win32-x86_64\bin\zip.dll
0x00007fff51490000 - 0x00007fff514a0000 	C:\Users\djatc\.vscode\extensions\redhat.java-1.50.0-win32-x64\jre\21.0.9-win32-x86_64\bin\net.dll
0x00007fff6c8d0000 - 0x00007fff6c9f8000 	C:\WINDOWS\SYSTEM32\WINHTTP.dll
0x00007fff75090000 - 0x00007fff750fb000 	C:\WINDOWS\system32\mswsock.dll
0x00007fff50cb0000 - 0x00007fff50cc6000 	C:\Users\djatc\.vscode\extensions\redhat.java-1.50.0-win32-x64\jre\21.0.9-win32-x86_64\bin\nio.dll
0x00007fff51480000 - 0x00007fff51490000 	c:\Users\djatc\.vscode\extensions\redhat.java-1.50.0-win32-x64\jre\21.0.9-win32-x86_64\bin\verify.dll
0x00007ffef50f0000 - 0x00007ffef5134000 	C:\Users\djatc\AppData\Roaming\Code\User\globalStorage\redhat.java\1.50.0\config_win\org.eclipse.equinox.launcher\org.eclipse.equinox.launcher.win32.win32.x86_64_1.2.1400.v20250801-0854\eclipse_11916.dll
0x00007fff774b0000 - 0x00007fff77647000 	C:\WINDOWS\System32\ole32.dll
0x00007fff75480000 - 0x00007fff7549b000 	C:\WINDOWS\SYSTEM32\CRYPTSP.dll
0x00007fff74ac0000 - 0x00007fff74afa000 	C:\WINDOWS\system32\rsaenh.dll
0x00007fff75140000 - 0x00007fff7516b000 	C:\WINDOWS\SYSTEM32\USERENV.dll
0x00007fff75cc0000 - 0x00007fff75cea000 	C:\WINDOWS\SYSTEM32\bcrypt.dll
0x00007fff75460000 - 0x00007fff7546c000 	C:\WINDOWS\SYSTEM32\CRYPTBASE.dll
0x00007fff74580000 - 0x00007fff745b4000 	C:\WINDOWS\SYSTEM32\IPHLPAPI.DLL
0x00007fff76b10000 - 0x00007fff76b1a000 	C:\WINDOWS\System32\NSI.dll
0x00007fff1c270000 - 0x00007fff1c2b9000 	C:\Users\djatc\AppData\Local\Temp\jna-95606858\jna5228124947410373007.dll
0x00007fff78360000 - 0x00007fff78368000 	C:\WINDOWS\System32\PSAPI.DLL
0x00007fff6cac0000 - 0x00007fff6cade000 	C:\WINDOWS\SYSTEM32\dhcpcsvc6.DLL
0x00007fff6c7e0000 - 0x00007fff6c803000 	C:\WINDOWS\SYSTEM32\dhcpcsvc.DLL
0x00007fff56ac0000 - 0x00007fff56ace000 	C:\Users\djatc\.vscode\extensions\redhat.java-1.50.0-win32-x64\jre\21.0.9-win32-x86_64\bin\sunmscapi.dll
0x00007fff762a0000 - 0x00007fff76417000 	C:\WINDOWS\System32\CRYPT32.dll
0x00007fff755d0000 - 0x00007fff75600000 	C:\WINDOWS\SYSTEM32\ncrypt.dll
0x00007fff75580000 - 0x00007fff755bf000 	C:\WINDOWS\SYSTEM32\NTASN1.dll
0x00007fff74620000 - 0x00007fff7474c000 	C:\WINDOWS\SYSTEM32\DNSAPI.dll
0x00007fff5ae00000 - 0x00007fff5ae0b000 	C:\Windows\System32\rasadhlp.dll
0x00007fff6b540000 - 0x00007fff6b5c6000 	C:\WINDOWS\System32\fwpuclnt.dll
0x00007fff50670000 - 0x00007fff50679000 	C:\Users\djatc\.vscode\extensions\redhat.java-1.50.0-win32-x64\jre\21.0.9-win32-x86_64\bin\extnet.dll

JVMTI agents:
c:\Users\djatc\.vscode\extensions\redhat.java-1.50.0-win32-x64\lombok\lombok-1.18.39-4050.jar path:c:\Users\djatc\.vscode\extensions\redhat.java-1.50.0-win32-x64\jre\21.0.9-win32-x86_64\bin\instrument.dll, loaded, initialized, instrumentlib options:none

dbghelp: loaded successfully - version: 4.0.5 - missing functions: none
symbol engine: initialized successfully - sym options: 0x614 - pdb path: .;c:\Users\djatc\.vscode\extensions\redhat.java-1.50.0-win32-x64\jre\21.0.9-win32-x86_64\bin;C:\WINDOWS\SYSTEM32;C:\WINDOWS\WinSxS\amd64_microsoft.windows.common-controls_6595b64144ccf1df_6.0.26100.7309_none_3e05feeae336a044;c:\Users\djatc\.vscode\extensions\redhat.java-1.50.0-win32-x64\jre\21.0.9-win32-x86_64\bin\server;C:\Users\djatc\AppData\Roaming\Code\User\globalStorage\redhat.java\1.50.0\config_win\org.eclipse.equinox.launcher\org.eclipse.equinox.launcher.win32.win32.x86_64_1.2.1400.v20250801-0854;C:\Users\djatc\AppData\Local\Temp\jna-95606858

VM Arguments:
jvm_args: --add-modules=ALL-SYSTEM --add-opens=java.base/java.util=ALL-UNNAMED --add-opens=java.base/java.lang=ALL-UNNAMED --add-opens=java.base/sun.nio.fs=ALL-UNNAMED -Declipse.application=org.eclipse.jdt.ls.core.id1 -Dosgi.bundles.defaultStartLevel=4 -Declipse.product=org.eclipse.jdt.ls.core.product -Djava.import.generatesMetadataFilesAtProjectRoot=false -DDetectVMInstallationsJob.disabled=true -Dfile.encoding=utf8 -XX:+UseParallelGC -XX:GCTimeRatio=4 -XX:AdaptiveSizePolicyWeight=90 -Dsun.zip.disableMemoryMapping=true -Xmx2G -Xms100m -Xlog:disable -javaagent:c:\Users\djatc\.vscode\extensions\redhat.java-1.50.0-win32-x64\lombok\lombok-1.18.39-4050.jar -XX:+HeapDumpOnOutOfMemoryError -XX:HeapDumpPath=c:\Users\djatc\AppData\Roaming\Code\User\workspaceStorage\3d8d65204e224f53696e5545b98ec018\redhat.java -Daether.dependencyCollector.impl=bf 
java_command: c:\Users\djatc\.vscode\extensions\redhat.java-1.50.0-win32-x64\server\plugins\org.eclipse.equinox.launcher_1.7.100.v20251111-0406.jar -configuration c:\Users\djatc\AppData\Roaming\Code\User\globalStorage\redhat.java\1.50.0\config_win -data c:\Users\djatc\AppData\Roaming\Code\User\workspaceStorage\3d8d65204e224f53696e5545b98ec018\redhat.java\jdt_ws --pipe=\\.\pipe\lsp-313f7ece8008f03c48e5810be822a427-sock
java_class_path (initial): c:\Users\djatc\.vscode\extensions\redhat.java-1.50.0-win32-x64\server\plugins\org.eclipse.equinox.launcher_1.7.100.v20251111-0406.jar
Launcher Type: SUN_STANDARD

[Global flags]
    uintx AdaptiveSizePolicyWeight                 = 90                                        {product} {command line}
     intx CICompilerCount                          = 4                                         {product} {ergonomic}
    uintx GCTimeRatio                              = 4                                         {product} {command line}
     bool HeapDumpOnOutOfMemoryError               = true                                   {manageable} {command line}
    ccstr HeapDumpPath                             = c:\Users\djatc\AppData\Roaming\Code\User\workspaceStorage\3d8d65204e224f53696e5545b98ec018\redhat.java         {manageable} {command line}
   size_t InitialHeapSize                          = 104857600                                 {product} {command line}
   size_t MaxHeapSize                              = 2147483648                                {product} {command line}
   size_t MaxNewSize                               = 715653120                                 {product} {ergonomic}
   size_t MinHeapDeltaBytes                        = 524288                                    {product} {ergonomic}
   size_t MinHeapSize                              = 104857600                                 {product} {command line}
   size_t NewSize                                  = 34603008                                  {product} {ergonomic}
    uintx NonNMethodCodeHeapSize                   = 5839372                                {pd product} {ergonomic}
    uintx NonProfiledCodeHeapSize                  = 122909434                              {pd product} {ergonomic}
   size_t OldSize                                  = 70254592                                  {product} {ergonomic}
    uintx ProfiledCodeHeapSize                     = 122909434                              {pd product} {ergonomic}
    uintx ReservedCodeCacheSize                    = 251658240                              {pd product} {ergonomic}
     bool SegmentedCodeCache                       = true                                      {product} {ergonomic}
   size_t SoftMaxHeapSize                          = 2147483648                             {manageable} {ergonomic}
     bool UseCompressedOops                        = true                           {product lp64_product} {ergonomic}
     bool UseLargePagesIndividualAllocation        = false                                  {pd product} {ergonomic}
     bool UseParallelGC                            = true                                      {product} {command line}

Logging:
Log output configuration:
 #0: stdout all=off uptime,level,tags foldmultilines=false
 #1: stderr all=off uptime,level,tags foldmultilines=false

Release file:
JAVA_VERSION="21.0.9" 
MODULES="java.base java.compiler java.datatransfer java.xml java.prefs java.desktop java.instrument java.logging java.management java.security.sasl java.naming java.rmi java.management.rmi java.net.http java.scripting java.security.jgss java.transaction.xa java.sql java.sql.rowset java.xml.crypto java.se java.smartcardio jdk.accessibility jdk.internal.jvmstat jdk.attach jdk.charsets jdk.internal.opt jdk.zipfs jdk.compiler jdk.crypto.ec jdk.crypto.cryptoki jdk.crypto.mscapi jdk.dynalink jdk.internal.ed jdk.editpad jdk.hotspot.agent jdk.httpserver jdk.internal.le jdk.internal.vm.ci jdk.internal.vm.compiler jdk.internal.vm.compiler.management jdk.jartool jdk.javadoc jdk.jcmd jdk.management jdk.management.agent jdk.jconsole jdk.jdeps jdk.jdwp.agent jdk.jdi jdk.jfr jdk.jshell jdk.jsobject jdk.jstatd jdk.localedata jdk.management.jfr jdk.naming.dns jdk.naming.rmi jdk.net jdk.nio.mapmode jdk.random jdk.sctp jdk.security.auth jdk.security.jgss jdk.unsupported jdk.unsupported.desktop jdk.xml.dom" 

Environment Variables:
JAVA_HOME=C:\Program Files\Java\jdk-21
PATH=C:\Python312\Scripts\;C:\Python312\;C:\Program Files\Common Files\Oracle\Java\javapath;C:\Python311\Scripts\;C:\Python311\;C:\Program Files (x86)\Common Files\Oracle\Java\javapath;C:\WINDOWS\system32;C:\WINDOWS;C:\WINDOWS\System32\Wbem;C:\WINDOWS\System32\WindowsPowerShell\v1.0\;C:\WINDOWS\System32\OpenSSH\;C:\Program Files\MATLAB\R2022b\bin;C:\ProgramData\chocolatey\bin;C:\Program Files\Git\cmd;C:\Program Files\Git\mingw64\bin;C:\Program Files\Git\usr\bin;C:\Program Files\Microsoft SQL Server\Client SDK\ODBC\170\Tools\Binn\;C:\Program Files\dotnet\;C:\Program Files\HP\HP One Agent;C:\Program Files\Kathara;C:\Program Files\Docker\Docker\resources\bin;C:\WINDOWS\system32;C:\WINDOWS;C:\WINDOWS\System32\Wbem;C:\WINDOWS\System32\WindowsPowerShell\v1.0\;C:\WINDOWS\System32\OpenSSH\;C:\Program Files\nodejs\;C:\Users\djatc\AppData\Local\Microsoft\WindowsApps;C:\Program Files\JetBrains\PyCharm 2022.2.1\bin;C:\Users\djatc\AppData\Local\Programs\Microsoft VS Code\bin;C:\php;C:\Program Files (x86)\Nmap;C:\Program Files\MongoDB\Server\6.0\bin;C:\Program Files\Google\Chrome\Application;C:\Program Files\Java\jdk-21\bin;C:\Program Files\Docker\Docker\resources\bin;C:\Gradle\bin;C:\apache-maven-3.9.6\bin;C:\Users\djatc\.dotnet\tools;C:\Program Files\JetBrains\IntelliJ IDEA 2023.3.4\bin;C:\Program Files\MySQL\MySQL Server 8.1\bin;C:\Program Files\nodejs;C:\Windows\System32;C:\Users\djatc\AppData\Local\Microsoft\WindowsApps;C:\Users\djatc\AppData\Roaming\npm;C:\Users\djatc\AppData\Local\Microsoft\WinGet\Links;C:\Users\djatc\AppData\Local\Microsoft\WinGet\Packages\yt-dlp.FFmpeg_Microsoft.Winget.Source_8wekyb3d8bbwe\ffmpeg-N-121583-g4348bde2d2-win64-gpl/bin;
USERNAME=djatc
OS=Windows_NT
PROCESSOR_IDENTIFIER=AMD64 Family 25 Model 80 Stepping 0, AuthenticAMD
TMP=C:\Users\djatc\AppData\Local\Temp
TEMP=C:\Users\djatc\AppData\Local\Temp




Periodic native trim disabled

---------------  S Y S T E M  ---------------

OS:
 Windows 11 , 64 bit Build 26100 (10.0.26100.7309)
OS uptime: 14 days 10:36 hours
Hyper-V role detected

CPU: total 12 (initial active 12) (12 cores per cpu, 2 threads per core) family 25 model 80 stepping 0 microcode 0xa50000d, cx8, cmov, fxsr, ht, mmx, 3dnowpref, sse, sse2, sse3, ssse3, sse4a, sse4.1, sse4.2, popcnt, lzcnt, tsc, tscinvbit, avx, avx2, aes, erms, clmul, bmi1, bmi2, adx, sha, fma, vzeroupper, clflush, clflushopt, hv, rdtscp, rdpid, fsrm, f16c, cet_ss
Processor Information for processor 0
  Max Mhz: 3301, Current Mhz: 1908, Mhz Limit: 3301
Processor Information for processor 1
  Max Mhz: 3301, Current Mhz: 1908, Mhz Limit: 3301
Processor Information for processor 2
  Max Mhz: 3301, Current Mhz: 1908, Mhz Limit: 3301
Processor Information for processor 3
  Max Mhz: 3301, Current Mhz: 1908, Mhz Limit: 3301
Processor Information for processor 4
  Max Mhz: 3301, Current Mhz: 1908, Mhz Limit: 3301
Processor Information for processor 5
  Max Mhz: 3301, Current Mhz: 1908, Mhz Limit: 3301
Processor Information for processor 6
  Max Mhz: 3301, Current Mhz: 1908, Mhz Limit: 3301
Processor Information for processor 7
  Max Mhz: 3301, Current Mhz: 1908, Mhz Limit: 3301
Processor Information for processor 8
  Max Mhz: 3301, Current Mhz: 1805, Mhz Limit: 3301
Processor Information for processor 9
  Max Mhz: 3301, Current Mhz: 1908, Mhz Limit: 3301
Processor Information for processor 10
  Max Mhz: 3301, Current Mhz: 1908, Mhz Limit: 3301
Processor Information for processor 11
  Max Mhz: 3301, Current Mhz: 1908, Mhz Limit: 3301

Memory: 4k page, system-wide physical 15713M (521M free)
TotalPageFile size 59780M (AvailPageFile size 21M)
current process WorkingSet (physical memory assigned to process): 8M, peak: 1568M
current process commit charge ("private bytes"): 1707M, peak: 1789M

vm_info: OpenJDK 64-Bit Server VM (21.0.9+10-LTS) for windows-amd64 JRE (21.0.9+10-LTS), built on 2025-10-21T00:00:00Z by "admin" with unknown MS VC++:1942

END.
